Building DAG of jobs...
Using shell: /usr/bin/bash
Provided cores: 24
Rules claiming more threads will be scaled down.
Job stats:
job                     count    min threads    max threads
--------------------  -------  -------------  -------------
all                         1              1              1
filter_peaks                4              1              1
filter_summits              4              1              1
map                         1              8              8
peak_calling                4              1              1
samtools_genome_info        3              1              1
samtools_index              3              1              1
samtools_sort               2              1              1
total                      22              1              8

Select jobs to execute...

[Wed Feb  8 13:05:53 2023]
rule map:
    input: results/trimmomatic/SRR8119838_forward_paired.fq.gz, results/trimmomatic/SRR8119838_reverse_paired.fq.gz
    output: results/mapping/SRR8119838.sam
    jobid: 12
    reason: Forced execution
    wildcards: sample=SRR8119838
    threads: 8
    resources: tmpdir=/tmp


[Wed Feb  8 13:05:53 2023]
rule samtools_sort:
    input: results/mapping/SRR8119839.sam
    output: results/mapping/SRR8119839_sorted.bam
    jobid: 18
    reason: Missing output files: results/mapping/SRR8119839_sorted.bam
    wildcards: sample=SRR8119839
    resources: tmpdir=/tmp


[Wed Feb  8 13:05:53 2023]
rule samtools_index:
    input: results/mapping/SRR8119853_sorted.bam
    output: results/mapping/SRR8119853_sorted.bam.bai
    jobid: 35
    reason: Missing output files: results/mapping/SRR8119853_sorted.bam.bai
    wildcards: sample=SRR8119853
    resources: tmpdir=/tmp


[Wed Feb  8 13:05:53 2023]
rule peak_calling:
    input: results/mapping/SRR8119852_sorted.bam, results/mapping/SRR8119852_sorted.bam.bai, results/mapping/SRR8119852_genome.info
    output: results/peaks/SRR8119852_peaks.gappedPeak, results/peaks/SRR8119852_summits.bed
    jobid: 24
    reason: Missing output files: results/peaks/SRR8119852_summits.bed
    wildcards: sample=SRR8119852
    resources: tmpdir=/tmp


[Wed Feb  8 13:05:53 2023]
rule samtools_genome_info:
    input: results/mapping/SRR8119853_sorted.bam
    output: results/mapping/SRR8119853_genome.info
    jobid: 36
    reason: Missing output files: results/mapping/SRR8119853_genome.info
    wildcards: sample=SRR8119853
    resources: tmpdir=/tmp

[Wed Feb  8 13:05:53 2023]
Finished job 36.
1 of 22 steps (5%) done
[Wed Feb  8 13:08:45 2023]
Finished job 35.
2 of 22 steps (9%) done
Select jobs to execute...

[Wed Feb  8 13:08:45 2023]
rule peak_calling:
    input: results/mapping/SRR8119853_sorted.bam, results/mapping/SRR8119853_sorted.bam.bai, results/mapping/SRR8119853_genome.info
    output: results/peaks/SRR8119853_peaks.gappedPeak, results/peaks/SRR8119853_summits.bed
    jobid: 31
    reason: Missing output files: results/peaks/SRR8119853_summits.bed; Input files updated by another job: results/mapping/SRR8119853_sorted.bam.bai, results/mapping/SRR8119853_genome.info
    wildcards: sample=SRR8119853
    resources: tmpdir=/tmp

[Wed Feb  8 13:08:47 2023]
Error in rule peak_calling:
    jobid: 24
    input: results/mapping/SRR8119852_sorted.bam, results/mapping/SRR8119852_sorted.bam.bai, results/mapping/SRR8119852_genome.info
    output: results/peaks/SRR8119852_peaks.gappedPeak, results/peaks/SRR8119852_summits.bed
    shell:
        HMMRATAC -b results/mapping/SRR8119852_sorted.bam -i results/mapping/SRR8119852_sorted.bam.bai -g results/mapping/SRR8119852_genome.info --window 5000000
        (one of the commands exited with non-zero exit code; note that snakemake uses bash strict mode!)

[Wed Feb  8 13:12:01 2023]
Error in rule peak_calling:
    jobid: 31
    input: results/mapping/SRR8119853_sorted.bam, results/mapping/SRR8119853_sorted.bam.bai, results/mapping/SRR8119853_genome.info
    output: results/peaks/SRR8119853_peaks.gappedPeak, results/peaks/SRR8119853_summits.bed
    shell:
        HMMRATAC -b results/mapping/SRR8119853_sorted.bam -i results/mapping/SRR8119853_sorted.bam.bai -g results/mapping/SRR8119853_genome.info --window 5000000
        (one of the commands exited with non-zero exit code; note that snakemake uses bash strict mode!)

[Wed Feb  8 13:48:32 2023]
Finished job 18.
3 of 22 steps (14%) done
[Wed Feb  8 23:30:43 2023]
Finished job 12.
4 of 22 steps (18%) done
Shutting down, this might take some time.
Exiting because a job execution failed. Look above for error message
Complete log: .snakemake/log/2023-02-08T130553.480702.snakemake.log
