Building DAG of jobs...
Using shell: /usr/bin/bash
Provided cores: 24
Rules claiming more threads will be scaled down.
Job stats:
job                     count    min threads    max threads
--------------------  -------  -------------  -------------
all                         1              1              1
filter_peaks                1              1              1
filter_summits              1              1              1
map                         1              8              8
peak_calling                1              1              1
samtools_genome_info        1              1              1
samtools_index              1              1              1
samtools_sort               1              1              1
trimming                    1              1              1
total                       9              1              8

Select jobs to execute...

[Tue Feb  7 17:19:22 2023]
rule trimming:
    input: resources/reads/test_1.fastq.gz, resources/reads/test_2.fastq.gz
    output: results/trimmomatic/test_forward_paired.fq.gz, results/trimmomatic/test_forward_unpaired.fq.gz, results/trimmomatic/test_reverse_paired.fq.gz, results/trimmomatic/test_reverse_unpaired.fq.gz
    log: logs/trimmomatic/test.log
    jobid: 7
    reason: Missing output files: results/trimmomatic/test_forward_paired.fq.gz, results/trimmomatic/test_reverse_paired.fq.gz
    wildcards: sample=test
    resources: tmpdir=/tmp

[Tue Feb  7 17:19:23 2023]
Error in rule trimming:
    jobid: 7
    input: resources/reads/test_1.fastq.gz, resources/reads/test_2.fastq.gz
    output: results/trimmomatic/test_forward_paired.fq.gz, results/trimmomatic/test_forward_unpaired.fq.gz, results/trimmomatic/test_reverse_paired.fq.gz, results/trimmomatic/test_reverse_unpaired.fq.gz
    log: logs/trimmomatic/test.log (check log file(s) for error details)
    shell:
        
        trimmomatic PE resources/reads/test_1.fastq.gz resources/reads/test_2.fastq.gz results/trimmomatic/test_forward_paired.fq.gz results/trimmomatic/test_forward_unpaired.fq.gz results/trimmomatic/test_reverse_paired.fq.gz results/trimmomatic/test_reverse_unpaired.fq.gz         ILLUMINACLIP:../Trimmomatic/adapters/TruSeq3-PE.fa LEADING:3 TRAILING:3 SLIDINGWINDOW:4:15 MINLEN:36
        
        (one of the commands exited with non-zero exit code; note that snakemake uses bash strict mode!)

Shutting down, this might take some time.
Exiting because a job execution failed. Look above for error message
Complete log: .snakemake/log/2023-02-07T171922.730560.snakemake.log
