Building DAG of jobs...
Using shell: /usr/bin/bash
Provided cores: 24
Rules claiming more threads will be scaled down.
Job stats:
job                     count    min threads    max threads
--------------------  -------  -------------  -------------
all                         1              1              1
fastqc                      2              1              1
filter_peaks                1              1              1
filter_summits              1              1              1
map                         1              8              8
peak_calling                1              1              1
samtools_genome_info        1              1              1
samtools_index              1              1              1
samtools_sort               1              1              1
trimming                    1              1              1
total                      11              1              8

Select jobs to execute...

[Tue Feb  7 17:09:55 2023]
rule fastqc:
    input: resources/reads/test_2.fastq.gz
    output: results/fastqc/test_2_fastqc.html
    log: logs/fastqc/test_2.log
    jobid: 2
    reason: Missing output files: results/fastqc/test_2_fastqc.html
    wildcards: sample=test, read=2
    resources: tmpdir=/tmp


[Tue Feb  7 17:09:55 2023]
rule trimming:
    input: resources/reads/test_1.fastq.gz, resources/reads/test_2.fastq.gz
    output: results/trimmomatic/test_forward_paired.fq.gz, results/trimmomatic/test_forward_unpaired.fq.gz, results/trimmomatic/test_reverse_paired.fq.gz, results/trimmomatic/test_reverse_unpaired.fq.gz
    log: logs/trimmomatic/test.log
    jobid: 7
    reason: Missing output files: results/trimmomatic/test_forward_paired.fq.gz, results/trimmomatic/test_reverse_paired.fq.gz
    wildcards: sample=test
    resources: tmpdir=/tmp


[Tue Feb  7 17:09:55 2023]
rule fastqc:
    input: resources/reads/test_1.fastq.gz
    output: results/fastqc/test_1_fastqc.html
    log: logs/fastqc/test_1.log
    jobid: 1
    reason: Missing output files: results/fastqc/test_1_fastqc.html
    wildcards: sample=test, read=1
    resources: tmpdir=/tmp

[Tue Feb  7 17:09:55 2023]
Error in rule trimming:
    jobid: 7
    input: resources/reads/test_1.fastq.gz, resources/reads/test_2.fastq.gz
    output: results/trimmomatic/test_forward_paired.fq.gz, results/trimmomatic/test_forward_unpaired.fq.gz, results/trimmomatic/test_reverse_paired.fq.gz, results/trimmomatic/test_reverse_unpaired.fq.gz
    log: logs/trimmomatic/test.log (check log file(s) for error details)
    shell:
        
        trimmomatic PE resources/reads/test_1.fastq.gz resources/reads/test_2.fastq.gz results/trimmomatic/test_forward_paired.fq.gz results/trimmomatic/test_forward_unpaired.fq.gz results/trimmomatic/test_reverse_paired.fq.gz results/trimmomatic/test_reverse_unpaired.fq.gz         ILLUMINACLIP:config['adapter'] LEADING:3 TRAILING:3 SLIDINGWINDOW:255 MINLEN:36
        
        (one of the commands exited with non-zero exit code; note that snakemake uses bash strict mode!)

[Tue Feb  7 17:09:59 2023]
Finished job 2.
1 of 11 steps (9%) done
[Tue Feb  7 17:09:59 2023]
Finished job 1.
2 of 11 steps (18%) done
Shutting down, this might take some time.
Exiting because a job execution failed. Look above for error message
Complete log: .snakemake/log/2023-02-07T170955.587009.snakemake.log
