Building DAG of jobs...
Using shell: /usr/bin/bash
Provided cores: 12
Rules claiming more threads will be scaled down.
Job stats:
job      count    min threads    max threads
-----  -------  -------------  -------------
all          1              1              1
map          4             12             12
total        5              1             12

Select jobs to execute...

[Fri Feb 10 14:52:24 2023]
rule map:
    input: results/trimmomatic/SRR8119839_forward_paired.fq.gz, results/trimmomatic/SRR8119839_reverse_paired.fq.gz
    output: results/mapping/SRR8119839.sam
    jobid: 3
    reason: Forced execution
    wildcards: sample=SRR8119839
    threads: 12
    resources: tmpdir=/tmp

[Fri Feb 10 15:49:45 2023]
Finished job 3.
1 of 5 steps (20%) done
Select jobs to execute...

[Fri Feb 10 15:49:45 2023]
rule map:
    input: results/trimmomatic/SRR8119838_forward_paired.fq.gz, results/trimmomatic/SRR8119838_reverse_paired.fq.gz
    output: results/mapping/SRR8119838.sam
    jobid: 1
    reason: Forced execution
    wildcards: sample=SRR8119838
    threads: 12
    resources: tmpdir=/tmp

[Fri Feb 10 16:48:44 2023]
Finished job 1.
2 of 5 steps (40%) done
Select jobs to execute...

[Fri Feb 10 16:48:44 2023]
rule map:
    input: results/trimmomatic/SRR8119852_forward_paired.fq.gz, results/trimmomatic/SRR8119852_reverse_paired.fq.gz
    output: results/mapping/SRR8119852.sam
    jobid: 5
    reason: Code has changed since last execution
    wildcards: sample=SRR8119852
    threads: 12
    resources: tmpdir=/tmp

[Fri Feb 10 17:38:22 2023]
Finished job 5.
3 of 5 steps (60%) done
Select jobs to execute...

[Fri Feb 10 17:38:22 2023]
rule map:
    input: results/trimmomatic/SRR8119853_forward_paired.fq.gz, results/trimmomatic/SRR8119853_reverse_paired.fq.gz
    output: results/mapping/SRR8119853.sam
    jobid: 7
    reason: Code has changed since last execution
    wildcards: sample=SRR8119853
    threads: 12
    resources: tmpdir=/tmp

[Fri Feb 10 18:28:23 2023]
Finished job 7.
4 of 5 steps (80%) done
Select jobs to execute...

[Fri Feb 10 18:28:23 2023]
localrule all:
    input: results/mapping/SRR8119838.sam, results/mapping/SRR8119839.sam, results/mapping/SRR8119852.sam, results/mapping/SRR8119853.sam
    jobid: 0
    reason: Input files updated by another job: results/mapping/SRR8119838.sam, results/mapping/SRR8119839.sam, results/mapping/SRR8119853.sam, results/mapping/SRR8119852.sam
    resources: tmpdir=/tmp

[Fri Feb 10 18:28:23 2023]
Finished job 0.
5 of 5 steps (100%) done
Complete log: .snakemake/log/2023-02-10T145224.070759.snakemake.log
