Building DAG of jobs...
Using shell: /usr/bin/bash
Provided cores: 24
Rules claiming more threads will be scaled down.
Job stats:
job                     count    min threads    max threads
--------------------  -------  -------------  -------------
all                         1              1              1
filter_peaks                1              1              1
filter_summits              1              1              1
map                         1              8              8
peak_calling                1              1              1
samtools_genome_info        1              1              1
samtools_index              1              1              1
samtools_sort               1              1              1
trimming                    1              1              1
total                       9              1              8

Select jobs to execute...

[Tue Feb  7 17:28:47 2023]
rule trimming:
    input: resources/reads/test_1.fastq.gz, resources/reads/test_2.fastq.gz
    output: results/trimmomatic/test_forward_paired.fq.gz, results/trimmomatic/test_forward_unpaired.fq.gz, results/trimmomatic/test_reverse_paired.fq.gz, results/trimmomatic/test_reverse_unpaired.fq.gz
    log: logs/trimmomatic/test.log
    jobid: 7
    reason: Missing output files: results/trimmomatic/test_reverse_paired.fq.gz, results/trimmomatic/test_forward_paired.fq.gz
    wildcards: sample=test
    resources: tmpdir=/tmp

[Tue Feb  7 17:28:47 2023]
Finished job 7.
1 of 9 steps (11%) done
Select jobs to execute...

[Tue Feb  7 17:28:47 2023]
rule map:
    input: results/trimmomatic/test_forward_paired.fq.gz, results/trimmomatic/test_reverse_paired.fq.gz
    output: results/mapping/test.bam
    jobid: 6
    reason: Missing output files: results/mapping/test.bam; Input files updated by another job: results/trimmomatic/test_reverse_paired.fq.gz, results/trimmomatic/test_forward_paired.fq.gz
    wildcards: sample=test
    threads: 8
    resources: tmpdir=/tmp

[Tue Feb  7 17:29:00 2023]
Finished job 6.
2 of 9 steps (22%) done
Select jobs to execute...

[Tue Feb  7 17:29:00 2023]
rule samtools_sort:
    input: results/mapping/test.bam
    output: results/mapping/test_sorted.bam
    jobid: 5
    reason: Missing output files: results/mapping/test_sorted.bam; Input files updated by another job: results/mapping/test.bam
    wildcards: sample=test
    resources: tmpdir=/tmp

[Tue Feb  7 17:29:00 2023]
Finished job 5.
3 of 9 steps (33%) done
Select jobs to execute...

[Tue Feb  7 17:29:00 2023]
rule samtools_genome_info:
    input: results/mapping/test_sorted.bam
    output: results/mapping/test_genome.info
    jobid: 9
    reason: Missing output files: results/mapping/test_genome.info; Input files updated by another job: results/mapping/test_sorted.bam
    wildcards: sample=test
    resources: tmpdir=/tmp


[Tue Feb  7 17:29:00 2023]
rule samtools_index:
    input: results/mapping/test_sorted.bam
    output: results/mapping/test_sorted.bam.bai
    jobid: 8
    reason: Missing output files: results/mapping/test_sorted.bam.bai; Input files updated by another job: results/mapping/test_sorted.bam
    wildcards: sample=test
    resources: tmpdir=/tmp

[Tue Feb  7 17:29:00 2023]
Finished job 9.
4 of 9 steps (44%) done
[Tue Feb  7 17:29:00 2023]
Finished job 8.
5 of 9 steps (56%) done
Select jobs to execute...

[Tue Feb  7 17:29:00 2023]
rule peak_calling:
    input: results/mapping/test_sorted.bam, results/mapping/test_sorted.bam.bai, results/mapping/test_genome.info
    output: results/peaks/test_peaks.gappedPeak, results/peaks/test_summits.bed
    jobid: 4
    reason: Missing output files: results/peaks/test_summits.bed; Input files updated by another job: results/mapping/test_sorted.bam.bai, results/mapping/test_genome.info, results/mapping/test_sorted.bam
    wildcards: sample=test
    resources: tmpdir=/tmp

[Tue Feb  7 17:29:02 2023]
Error in rule peak_calling:
    jobid: 4
    input: results/mapping/test_sorted.bam, results/mapping/test_sorted.bam.bai, results/mapping/test_genome.info
    output: results/peaks/test_peaks.gappedPeak, results/peaks/test_summits.bed
    shell:
        HMMRATAC -b results/mapping/test_sorted.bam -i results/mapping/test_sorted.bam.bai -g results/mapping/test_genome.info
        (one of the commands exited with non-zero exit code; note that snakemake uses bash strict mode!)

Shutting down, this might take some time.
Exiting because a job execution failed. Look above for error message
Complete log: .snakemake/log/2023-02-07T172847.368878.snakemake.log
