Building DAG of jobs...
Using shell: /usr/bin/bash
Provided cores: 8
Rules claiming more threads will be scaled down.
Job stats:
job      count    min threads    max threads
-----  -------  -------------  -------------
all          1              1              1
map          1              8              8
total        2              1              8

Select jobs to execute...

[Fri Feb 10 12:00:26 2023]
rule map:
    input: results/trimmomatic/SRR8119838_forward_paired.fq.gz, results/trimmomatic/SRR8119838_reverse_paired.fq.gz
    output: results/mapping/SRR8119838.sam
    jobid: 1
    reason: Missing output files: results/mapping/SRR8119838.sam
    wildcards: sample=SRR8119838
    threads: 8
    resources: tmpdir=/tmp

[Fri Feb 10 12:00:39 2023]
Error in rule map:
    jobid: 1
    input: results/trimmomatic/SRR8119838_forward_paired.fq.gz, results/trimmomatic/SRR8119838_reverse_paired.fq.gz
    output: results/mapping/SRR8119838.sam
    shell:
        bwa-mem2 mem /scratch/jbreda/genome/Mus_musculus.GRCm39.dna.primary_assembly.fa results/trimmomatic/SRR8119838_forward_paired.fq.gz results/trimmomatic/SRR8119838_reverse_paired.fq.gz > results/mapping/SRR8119838.sam
        (one of the commands exited with non-zero exit code; note that snakemake uses bash strict mode!)

Removing output files of failed job map since they might be corrupted:
results/mapping/SRR8119838.sam
Shutting down, this might take some time.
Exiting because a job execution failed. Look above for error message
Complete log: .snakemake/log/2023-02-10T120025.969820.snakemake.log
