Building DAG of jobs...
Using shell: /usr/bin/bash
Provided cores: 24
Rules claiming more threads will be scaled down.
Job stats:
job                     count    min threads    max threads
--------------------  -------  -------------  -------------
all                         1              1              1
filter_peaks                1              1              1
filter_summits              1              1              1
map                         1              8              8
peak_calling                1              1              1
samtools_genome_info        1              1              1
samtools_index              1              1              1
samtools_sort               1              1              1
total                       8              1              8

Select jobs to execute...

[Tue Feb  7 17:31:21 2023]
rule map:
    input: results/trimmomatic/test_forward_paired.fq.gz, results/trimmomatic/test_reverse_paired.fq.gz
    output: results/mapping/test.sam
    jobid: 6
    reason: Missing output files: results/mapping/test.sam
    wildcards: sample=test
    threads: 8
    resources: tmpdir=/tmp

[Tue Feb  7 17:31:32 2023]
Finished job 6.
1 of 8 steps (12%) done
Select jobs to execute...

[Tue Feb  7 17:31:32 2023]
rule samtools_sort:
    input: results/mapping/test.sam
    output: results/mapping/test_sorted.sam
    jobid: 5
    reason: Missing output files: results/mapping/test_sorted.sam; Input files updated by another job: results/mapping/test.sam
    wildcards: sample=test
    resources: tmpdir=/tmp

[Tue Feb  7 17:31:32 2023]
Finished job 5.
2 of 8 steps (25%) done
Select jobs to execute...

[Tue Feb  7 17:31:32 2023]
rule samtools_genome_info:
    input: results/mapping/test_sorted.sam
    output: results/mapping/test_genome.info
    jobid: 9
    reason: Input files updated by another job: results/mapping/test_sorted.sam; Set of input files has changed since last execution
    wildcards: sample=test
    resources: tmpdir=/tmp


[Tue Feb  7 17:31:32 2023]
rule samtools_index:
    input: results/mapping/test_sorted.sam
    output: results/mapping/test_sorted.sam.bai
    jobid: 8
    reason: Missing output files: results/mapping/test_sorted.sam.bai; Input files updated by another job: results/mapping/test_sorted.sam
    wildcards: sample=test
    resources: tmpdir=/tmp

[Tue Feb  7 17:31:32 2023]
Finished job 9.
3 of 8 steps (38%) done
[Tue Feb  7 17:31:32 2023]
Error in rule samtools_index:
    jobid: 8
    input: results/mapping/test_sorted.sam
    output: results/mapping/test_sorted.sam.bai
    shell:
        samtools index results/mapping/test_sorted.sam results/mapping/test_sorted.sam.bai
        (one of the commands exited with non-zero exit code; note that snakemake uses bash strict mode!)

Shutting down, this might take some time.
Exiting because a job execution failed. Look above for error message
Complete log: .snakemake/log/2023-02-07T173121.289729.snakemake.log
