Building DAG of jobs...
Using shell: /usr/bin/bash
Provided cores: 3
Rules claiming more threads will be scaled down.
Job stats:
job                     count    min threads    max threads
--------------------  -------  -------------  -------------
all                         1              1              1
samtools_genome_info        3              1              1
total                       4              1              1

Select jobs to execute...

[Mon Feb 13 16:20:48 2023]
rule samtools_genome_info:
    input: results/mapping/SRR8119852_sorted.bam
    output: results/mapping/SRR8119852_genome.info
    jobid: 9
    reason: Updated input files: results/mapping/SRR8119852_sorted.bam
    wildcards: sample=SRR8119852
    resources: tmpdir=/tmp


[Mon Feb 13 16:20:48 2023]
rule samtools_genome_info:
    input: results/mapping/SRR8119839_sorted.bam
    output: results/mapping/SRR8119839_genome.info
    jobid: 5
    reason: Updated input files: results/mapping/SRR8119839_sorted.bam
    wildcards: sample=SRR8119839
    resources: tmpdir=/tmp


[Mon Feb 13 16:20:48 2023]
rule samtools_genome_info:
    input: results/mapping/SRR8119838_sorted.bam
    output: results/mapping/SRR8119838_genome.info
    jobid: 1
    reason: Missing output files: results/mapping/SRR8119838_genome.info
    wildcards: sample=SRR8119838
    resources: tmpdir=/tmp

[Mon Feb 13 16:20:48 2023]
Finished job 1.
1 of 4 steps (25%) done
[Mon Feb 13 16:20:48 2023]
Finished job 5.
2 of 4 steps (50%) done
[Mon Feb 13 16:20:48 2023]
Finished job 9.
3 of 4 steps (75%) done
Select jobs to execute...

[Mon Feb 13 16:20:48 2023]
localrule all:
    input: results/mapping/SRR8119838_genome.info, results/mapping/SRR8119839_genome.info, results/mapping/SRR8119852_genome.info, results/mapping/SRR8119853_genome.info
    jobid: 0
    reason: Input files updated by another job: results/mapping/SRR8119852_genome.info, results/mapping/SRR8119838_genome.info, results/mapping/SRR8119839_genome.info
    resources: tmpdir=/tmp

[Mon Feb 13 16:20:48 2023]
Finished job 0.
4 of 4 steps (100%) done
Complete log: .snakemake/log/2023-02-13T162048.422390.snakemake.log
