Building DAG of jobs...
Using shell: /usr/bin/bash
Provided cores: 24
Rules claiming more threads will be scaled down.
Job stats:
job                     count    min threads    max threads
--------------------  -------  -------------  -------------
all                         1              1              1
filter_peaks                1              1              1
filter_summits              1              1              1
map                         1              8              8
peak_calling                1              1              1
samtools_genome_info        1              1              1
samtools_index              1              1              1
samtools_sort               1              1              1
total                       8              1              8

Select jobs to execute...

[Tue Feb  7 17:37:32 2023]
rule map:
    input: results/trimmomatic/test_forward_paired.fq.gz, results/trimmomatic/test_reverse_paired.fq.gz
    output: results/mapping/test.sam
    jobid: 6
    reason: Missing output files: results/mapping/test.sam
    wildcards: sample=test
    threads: 8
    resources: tmpdir=/tmp

[Tue Feb  7 17:37:43 2023]
Finished job 6.
1 of 8 steps (12%) done
Select jobs to execute...

[Tue Feb  7 17:37:43 2023]
rule samtools_sort:
    input: results/mapping/test.sam
    output: results/mapping/test_sorted.bam
    jobid: 5
    reason: Missing output files: results/mapping/test_sorted.bam; Input files updated by another job: results/mapping/test.sam; Set of input files has changed since last execution
    wildcards: sample=test
    resources: tmpdir=/tmp

[Tue Feb  7 17:37:43 2023]
Finished job 5.
2 of 8 steps (25%) done
Select jobs to execute...

[Tue Feb  7 17:37:43 2023]
rule samtools_index:
    input: results/mapping/test_sorted.bam
    output: results/mapping/test_sorted.bam.bai
    jobid: 8
    reason: Missing output files: results/mapping/test_sorted.bam.bai; Input files updated by another job: results/mapping/test_sorted.bam
    wildcards: sample=test
    resources: tmpdir=/tmp


[Tue Feb  7 17:37:43 2023]
rule samtools_genome_info:
    input: results/mapping/test_sorted.bam
    output: results/mapping/test_genome.info
    jobid: 9
    reason: Missing output files: results/mapping/test_genome.info; Input files updated by another job: results/mapping/test_sorted.bam
    wildcards: sample=test
    resources: tmpdir=/tmp

[Tue Feb  7 17:37:43 2023]
Finished job 9.
3 of 8 steps (38%) done
[Tue Feb  7 17:37:43 2023]
Finished job 8.
4 of 8 steps (50%) done
Select jobs to execute...

[Tue Feb  7 17:37:43 2023]
rule peak_calling:
    input: results/mapping/test_sorted.bam, results/mapping/test_sorted.bam.bai, results/mapping/test_genome.info
    output: results/peaks/test_peaks.gappedPeak, results/peaks/test_summits.bed
    jobid: 4
    reason: Missing output files: results/peaks/test_summits.bed; Input files updated by another job: results/mapping/test_genome.info, results/mapping/test_sorted.bam.bai, results/mapping/test_sorted.bam
    wildcards: sample=test
    resources: tmpdir=/tmp

[Tue Feb  7 17:37:45 2023]
Error in rule peak_calling:
    jobid: 4
    input: results/mapping/test_sorted.bam, results/mapping/test_sorted.bam.bai, results/mapping/test_genome.info
    output: results/peaks/test_peaks.gappedPeak, results/peaks/test_summits.bed
    shell:
        HMMRATAC -b results/mapping/test_sorted.bam -i results/mapping/test_sorted.bam.bai -g results/mapping/test_genome.info
        (one of the commands exited with non-zero exit code; note that snakemake uses bash strict mode!)

Shutting down, this might take some time.
Exiting because a job execution failed. Look above for error message
Complete log: .snakemake/log/2023-02-07T173732.873848.snakemake.log
