Building DAG of jobs...
Using shell: /usr/bin/bash
Provided cores: 12
Rules claiming more threads will be scaled down.
Job stats:
job               count    min threads    max threads
--------------  -------  -------------  -------------
all                   1              1              1
samtools_index        3              4              4
samtools_sort         2              4              4
total                 6              1              4

Select jobs to execute...

[Mon Feb 13 15:35:40 2023]
rule samtools_sort:
    input: results/mapping/SRR8119852.sam
    output: results/mapping/SRR8119852_sorted.bam
    jobid: 10
    reason: Missing output files: results/mapping/SRR8119852_sorted.bam; Updated input files: results/mapping/SRR8119852.sam
    wildcards: sample=SRR8119852
    threads: 4
    resources: tmpdir=/tmp


[Mon Feb 13 15:35:40 2023]
rule samtools_sort:
    input: results/mapping/SRR8119838.sam
    output: results/mapping/SRR8119838_sorted.bam
    jobid: 2
    reason: Missing output files: results/mapping/SRR8119838_sorted.bam
    wildcards: sample=SRR8119838
    threads: 4
    resources: tmpdir=/tmp


[Mon Feb 13 15:35:40 2023]
rule samtools_index:
    input: results/mapping/SRR8119839_sorted.bam
    output: results/mapping/SRR8119839_sorted.bam.bai
    jobid: 5
    reason: Updated input files: results/mapping/SRR8119839_sorted.bam
    wildcards: sample=SRR8119839
    threads: 4
    resources: tmpdir=/tmp

[Mon Feb 13 15:36:26 2023]
Finished job 5.
1 of 6 steps (17%) done
[Mon Feb 13 15:46:39 2023]
Finished job 10.
2 of 6 steps (33%) done
Select jobs to execute...

[Mon Feb 13 15:46:39 2023]
rule samtools_index:
    input: results/mapping/SRR8119852_sorted.bam
    output: results/mapping/SRR8119852_sorted.bam.bai
    jobid: 9
    reason: Input files updated by another job: results/mapping/SRR8119852_sorted.bam
    wildcards: sample=SRR8119852
    threads: 4
    resources: tmpdir=/tmp

[Mon Feb 13 15:47:03 2023]
Finished job 9.
3 of 6 steps (50%) done
[Mon Feb 13 15:50:50 2023]
Finished job 2.
4 of 6 steps (67%) done
Select jobs to execute...

[Mon Feb 13 15:50:50 2023]
rule samtools_index:
    input: results/mapping/SRR8119838_sorted.bam
    output: results/mapping/SRR8119838_sorted.bam.bai
    jobid: 1
    reason: Missing output files: results/mapping/SRR8119838_sorted.bam.bai; Input files updated by another job: results/mapping/SRR8119838_sorted.bam
    wildcards: sample=SRR8119838
    threads: 4
    resources: tmpdir=/tmp

[Mon Feb 13 15:51:21 2023]
Finished job 1.
5 of 6 steps (83%) done
Select jobs to execute...

[Mon Feb 13 15:51:21 2023]
localrule all:
    input: results/mapping/SRR8119838_sorted.bam.bai, results/mapping/SRR8119839_sorted.bam.bai, results/mapping/SRR8119852_sorted.bam.bai, results/mapping/SRR8119853_sorted.bam.bai
    jobid: 0
    reason: Input files updated by another job: results/mapping/SRR8119838_sorted.bam.bai, results/mapping/SRR8119852_sorted.bam.bai, results/mapping/SRR8119839_sorted.bam.bai
    resources: tmpdir=/tmp

[Mon Feb 13 15:51:21 2023]
Finished job 0.
6 of 6 steps (100%) done
Complete log: .snakemake/log/2023-02-13T153540.525010.snakemake.log
