Building DAG of jobs...
Using shell: /usr/bin/bash
Provided cores: 4
Rules claiming more threads will be scaled down.
Job stats:
job                     count    min threads    max threads
--------------------  -------  -------------  -------------
all                         1              1              1
samtools_genome_info        3              1              1
samtools_index              3              4              4
samtools_sort               3              4              4
total                      10              1              4

Select jobs to execute...

[Mon Feb 13 10:26:34 2023]
rule samtools_sort:
    input: results/mapping/SRR8119839.sam
    output: results/mapping/SRR8119839_sorted.bam
    jobid: 6
    reason: Missing output files: results/mapping/SRR8119839_sorted.bam; Updated input files: results/mapping/SRR8119839.sam
    wildcards: sample=SRR8119839
    threads: 4
    resources: tmpdir=/tmp

[Mon Feb 13 10:41:56 2023]
Finished job 6.
1 of 10 steps (10%) done
Select jobs to execute...

[Mon Feb 13 10:41:56 2023]
rule samtools_sort:
    input: results/mapping/SRR8119838.sam
    output: results/mapping/SRR8119838_sorted.bam
    jobid: 2
    reason: Missing output files: results/mapping/SRR8119838_sorted.bam
    wildcards: sample=SRR8119838
    threads: 4
    resources: tmpdir=/tmp

Terminating processes on user request, this might take some time.
[Mon Feb 13 15:10:06 2023]
Error in rule samtools_sort:
    jobid: 2
    input: results/mapping/SRR8119838.sam
    output: results/mapping/SRR8119838_sorted.bam
    shell:
        samtools sort results/mapping/SRR8119838.sam -o results/mapping/SRR8119838_sorted.bam -@ 4
        (one of the commands exited with non-zero exit code; note that snakemake uses bash strict mode!)

Complete log: .snakemake/log/2023-02-13T102634.502609.snakemake.log
