Building DAG of jobs...
Using shell: /usr/bin/bash
Provided cores: 8
Rules claiming more threads will be scaled down.
Job stats:
job      count    min threads    max threads
-----  -------  -------------  -------------
all          1              1              1
map          4              8              8
total        5              1              8

Select jobs to execute...

[Fri Feb 10 14:51:27 2023]
rule map:
    input: results/trimmomatic/SRR8119839_forward_paired.fq.gz, results/trimmomatic/SRR8119839_reverse_paired.fq.gz
    output: results/mapping/SRR8119839.sam
    jobid: 3
    reason: Code has changed since last execution
    wildcards: sample=SRR8119839
    threads: 8
    resources: tmpdir=/tmp

Terminating processes on user request, this might take some time.
[Fri Feb 10 14:52:12 2023]
Error in rule map:
    jobid: 3
    input: results/trimmomatic/SRR8119839_forward_paired.fq.gz, results/trimmomatic/SRR8119839_reverse_paired.fq.gz
    output: results/mapping/SRR8119839.sam
    shell:
        bwa-mem2 mem -t 8 /scratch/jbreda/genome/Mus_musculus.GRCm39.dna.primary_assembly.fa results/trimmomatic/SRR8119839_forward_paired.fq.gz results/trimmomatic/SRR8119839_reverse_paired.fq.gz > results/mapping/SRR8119839.sam
        (one of the commands exited with non-zero exit code; note that snakemake uses bash strict mode!)

Complete log: .snakemake/log/2023-02-10T145127.756873.snakemake.log
